<?xml version="1.0" encoding="UTF-8"?>
<testng-results ignored="0" total="1" passed="0" failed="1" skipped="0">
  <reporter-output>
    <line>
      <![CDATA[connection to the server]]>
    </line>
    <line>
      <![CDATA[connection to the Data Base]]>
    </line>
    <line>
      <![CDATA[Opening the Browser]]>
    </line>
    <line>
      <![CDATA[Logout is successfull]]>
    </line>
    <line>
      <![CDATA[Closing the Browser]]>
    </line>
    <line>
      <![CDATA[disconnection to the Data Base]]>
    </line>
    <line>
      <![CDATA[disconnection to the server]]>
    </line>
  </reporter-output>
  <suite started-at="2024-02-12T15:31:37 IST" name="Default suite" finished-at="2024-02-12T15:32:06 IST" duration-ms="29252">
    <groups>
    </groups>
    <test started-at="2024-02-12T15:31:37 IST" name="Default test" finished-at="2024-02-12T15:32:06 IST" duration-ms="29252">
      <class name="testScript.Login1Test">
        <test-method is-config="true" signature="connectserver()[pri:0, instance:testScript.Login1Test@5fe94a96]" started-at="2024-02-12T15:31:37 IST" name="connectserver" finished-at="2024-02-12T15:31:37 IST" duration-ms="20" status="PASS">
          <reporter-output>
            <line>
              <![CDATA[connection to the server]]>
            </line>
          </reporter-output>
        </test-method> <!-- connectserver -->
        <test-method is-config="true" signature="connectdb()[pri:0, instance:testScript.Login1Test@5fe94a96]" started-at="2024-02-12T15:31:37 IST" name="connectdb" finished-at="2024-02-12T15:31:37 IST" duration-ms="1" status="PASS">
          <reporter-output>
            <line>
              <![CDATA[connection to the Data Base]]>
            </line>
          </reporter-output>
        </test-method> <!-- connectdb -->
        <test-method is-config="true" signature="openBrowse()[pri:0, instance:testScript.Login1Test@5fe94a96]" started-at="2024-02-12T15:31:37 IST" name="openBrowse" finished-at="2024-02-12T15:32:03 IST" duration-ms="26698" status="PASS">
          <reporter-output>
            <line>
              <![CDATA[Opening the Browser]]>
            </line>
          </reporter-output>
        </test-method> <!-- openBrowse -->
        <test-method is-config="true" signature="login()[pri:0, instance:testScript.Login1Test@5fe94a96]" started-at="2024-02-12T15:32:04 IST" name="login" finished-at="2024-02-12T15:32:04 IST" duration-ms="0" status="PASS">
          <reporter-output>
          </reporter-output>
        </test-method> <!-- login -->
        <test-method signature="testcase()[pri:0, instance:testScript.Login1Test@5fe94a96]" started-at="2024-02-12T15:32:04 IST" name="testcase" finished-at="2024-02-12T15:32:06 IST" duration-ms="2101" status="FAIL">
          <exception class="java.lang.IllegalArgumentException">
            <message>
              <![CDATA[Keys to send should be a not null CharSequence]]>
            </message>
            <full-stacktrace>
              <![CDATA[java.lang.IllegalArgumentException: Keys to send should be a not null CharSequence
at org.openqa.selenium.remote.RemoteWebElement.sendKeys(RemoteWebElement.java:97)
at java.base/jdk.internal.reflect.NativeMethodAccessorImpl.invoke0(Native Method)
at java.base/jdk.internal.reflect.NativeMethodAccessorImpl.invoke(NativeMethodAccessorImpl.java:77)
at java.base/jdk.internal.reflect.DelegatingMethodAccessorImpl.invoke(DelegatingMethodAccessorImpl.java:43)
at java.base/java.lang.reflect.Method.invoke(Method.java:568)
at org.openqa.selenium.support.pagefactory.internal.LocatingElementHandler.invoke(LocatingElementHandler.java:51)
at jdk.proxy2/jdk.proxy2.$Proxy22.sendKeys(Unknown Source)
at testScript.Login1Test.testcase(Login1Test.java:41)
at java.base/jdk.internal.reflect.NativeMethodAccessorImpl.invoke0(Native Method)
at java.base/jdk.internal.reflect.NativeMethodAccessorImpl.invoke(NativeMethodAccessorImpl.java:77)
at java.base/jdk.internal.reflect.DelegatingMethodAccessorImpl.invoke(DelegatingMethodAccessorImpl.java:43)
at java.base/java.lang.reflect.Method.invoke(Method.java:568)
at org.testng.internal.invokers.MethodInvocationHelper.invokeMethod(MethodInvocationHelper.java:139)
at org.testng.internal.invokers.TestInvoker.invokeMethod(TestInvoker.java:677)
at org.testng.internal.invokers.TestInvoker.invokeTestMethod(TestInvoker.java:221)
at org.testng.internal.invokers.MethodRunner.runInSequence(MethodRunner.java:50)
at org.testng.internal.invokers.TestInvoker$MethodInvocationAgent.invoke(TestInvoker.java:969)
at org.testng.internal.invokers.TestInvoker.invokeTestMethods(TestInvoker.java:194)
at org.testng.internal.invokers.TestMethodWorker.invokeTestMethods(TestMethodWorker.java:148)
at org.testng.internal.invokers.TestMethodWorker.run(TestMethodWorker.java:128)
at java.base/java.util.ArrayList.forEach(ArrayList.java:1511)
at org.testng.TestRunner.privateRun(TestRunner.java:829)
at org.testng.TestRunner.run(TestRunner.java:602)
at org.testng.SuiteRunner.runTest(SuiteRunner.java:437)
at org.testng.SuiteRunner.runSequentially(SuiteRunner.java:431)
at org.testng.SuiteRunner.privateRun(SuiteRunner.java:391)
at org.testng.SuiteRunner.run(SuiteRunner.java:330)
at org.testng.SuiteRunnerWorker.runSuite(SuiteRunnerWorker.java:52)
at org.testng.SuiteRunnerWorker.run(SuiteRunnerWorker.java:95)
at org.testng.TestNG.runSuitesSequentially(TestNG.java:1256)
at org.testng.TestNG.runSuitesLocally(TestNG.java:1176)
at org.testng.TestNG.runSuites(TestNG.java:1099)
at org.testng.TestNG.run(TestNG.java:1067)
at org.testng.remote.AbstractRemoteTestNG.run(AbstractRemoteTestNG.java:115)
at org.testng.remote.RemoteTestNG.initAndRun(RemoteTestNG.java:251)
at org.testng.remote.RemoteTestNG.main(RemoteTestNG.java:77)
]]>
            </full-stacktrace>
          </exception> <!-- java.lang.IllegalArgumentException -->
          <reporter-output>
          </reporter-output>
        </test-method> <!-- testcase -->
        <test-method is-config="true" signature="logout()[pri:0, instance:testScript.Login1Test@5fe94a96]" started-at="2024-02-12T15:32:06 IST" name="logout" finished-at="2024-02-12T15:32:06 IST" duration-ms="0" status="PASS">
          <reporter-output>
            <line>
              <![CDATA[Logout is successfull]]>
            </line>
          </reporter-output>
        </test-method> <!-- logout -->
        <test-method is-config="true" signature="closeBrowser()[pri:0, instance:testScript.Login1Test@5fe94a96]" started-at="2024-02-12T15:32:06 IST" name="closeBrowser" finished-at="2024-02-12T15:32:06 IST" duration-ms="344" status="PASS">
          <reporter-output>
            <line>
              <![CDATA[Closing the Browser]]>
            </line>
          </reporter-output>
        </test-method> <!-- closeBrowser -->
        <test-method is-config="true" signature="disconnectdb()[pri:0, instance:testScript.Login1Test@5fe94a96]" started-at="2024-02-12T15:32:06 IST" name="disconnectdb" finished-at="2024-02-12T15:32:06 IST" duration-ms="0" status="PASS">
          <reporter-output>
            <line>
              <![CDATA[disconnection to the Data Base]]>
            </line>
          </reporter-output>
        </test-method> <!-- disconnectdb -->
        <test-method is-config="true" signature="disconnectserver()[pri:0, instance:testScript.Login1Test@5fe94a96]" started-at="2024-02-12T15:32:06 IST" name="disconnectserver" finished-at="2024-02-12T15:32:06 IST" duration-ms="11" status="PASS">
          <reporter-output>
            <line>
              <![CDATA[disconnection to the server]]>
            </line>
          </reporter-output>
        </test-method> <!-- disconnectserver -->
      </class> <!-- testScript.Login1Test -->
    </test> <!-- Default test -->
  </suite> <!-- Default suite -->
</testng-results>
